Performing C SOURCE FILE Test CMAKE_HAVE_LIBC_PTHREAD failed with the following output:
Change Dir: /home/rotate_test/packlwes/build/CMakeFiles/CMakeTmp

Run Build Command(s):/usr/bin/make -f Makefile cmTC_e2449/fast && /usr/bin/make  -f CMakeFiles/cmTC_e2449.dir/build.make CMakeFiles/cmTC_e2449.dir/build
make[1]: Entering directory '/home/rotate_test/packlwes/build/CMakeFiles/CMakeTmp'
Building C object CMakeFiles/cmTC_e2449.dir/src.c.o
/usr/bin/cc -DCMAKE_HAVE_LIBC_PTHREAD   -MD -MT CMakeFiles/cmTC_e2449.dir/src.c.o -MF CMakeFiles/cmTC_e2449.dir/src.c.o.d -o CMakeFiles/cmTC_e2449.dir/src.c.o -c /home/rotate_test/packlwes/build/CMakeFiles/CMakeTmp/src.c
Linking C executable cmTC_e2449
/opt/cmake-3.21.4/bin/cmake -E cmake_link_script CMakeFiles/cmTC_e2449.dir/link.txt --verbose=1
/usr/bin/cc CMakeFiles/cmTC_e2449.dir/src.c.o -o cmTC_e2449 
CMakeFiles/cmTC_e2449.dir/src.c.o: In function `main':
src.c:(.text+0x25): undefined reference to `pthread_create'
src.c:(.text+0x31): undefined reference to `pthread_detach'
src.c:(.text+0x3d): undefined reference to `pthread_cancel'
src.c:(.text+0x4f): undefined reference to `pthread_join'
src.c:(.text+0x66): undefined reference to `pthread_atfork'
clang: error: linker command failed with exit code 1 (use -v to see invocation)
CMakeFiles/cmTC_e2449.dir/build.make:99: recipe for target 'cmTC_e2449' failed
make[1]: *** [cmTC_e2449] Error 1
make[1]: Leaving directory '/home/rotate_test/packlwes/build/CMakeFiles/CMakeTmp'
Makefile:127: recipe for target 'cmTC_e2449/fast' failed
make: *** [cmTC_e2449/fast] Error 2


Source file was:
#include <pthread.h>

static void* test_func(void* data)
{
  return data;
}

int main(void)
{
  pthread_t thread;
  pthread_create(&thread, NULL, test_func, NULL);
  pthread_detach(thread);
  pthread_cancel(thread);
  pthread_join(thread, NULL);
  pthread_atfork(NULL, NULL, NULL);
  pthread_exit(NULL);

  return 0;
}

